<?xml version="1.0" encoding="UTF-8"?>
<robot generator="Robot 5.0.1 (Python 3.10.6 on win32)" generated="20221013 12:11:33.458" rpa="false" schemaversion="3">
<suite id="s1" name="netspectiveT" source="D:\DailyMonitoringSites\Test\netspectiveT.robot">
<test id="s1-t1" name="open netspective site" line="8">
<kw name="open netspective site" library="netspective">
<arg>${siteurl4}</arg>
<arg>${browser}</arg>
<kw name="Open Browser" library="SeleniumLibrary">
<arg>${siteurl}</arg>
<arg>${browser}</arg>
<doc>Opens a new browser instance to the optional ``url``.</doc>
<msg timestamp="20221013 12:11:33.797" level="INFO">Opening browser 'chrome' to base url 'https://www.netspective.com/'.</msg>
<status status="PASS" starttime="20221013 12:11:33.796" endtime="20221013 12:11:38.745"/>
</kw>
<kw name="Maximize Browser Window" library="SeleniumLibrary">
<doc>Maximizes current browser window.</doc>
<status status="PASS" starttime="20221013 12:11:38.745" endtime="20221013 12:11:38.861"/>
</kw>
<status status="PASS" starttime="20221013 12:11:33.796" endtime="20221013 12:11:38.861"/>
</kw>
<kw name="Set Selenium Speed" library="SeleniumLibrary">
<arg>2 seconds</arg>
<doc>Sets the delay that is waited after each Selenium command.</doc>
<status status="PASS" starttime="20221013 12:11:38.861" endtime="20221013 12:11:38.862"/>
</kw>
<tag>netspective site</tag>
<status status="PASS" starttime="20221013 12:11:33.794" endtime="20221013 12:11:38.862"/>
</test>
<test id="s1-t2" name="mouse over on about us menu" line="12">
<kw name="mouse over on about us menu" library="netspective">
<kw name="Mouse Over" library="SeleniumLibrary">
<arg>${about_mouseover}</arg>
<doc>Simulates hovering the mouse over the element ``locator``.</doc>
<msg timestamp="20221013 12:11:38.865" level="INFO">Simulating Mouse Over on element 'xpath://*[@id='bs-example-navbar-collapse-1']/ul/li[1]'.</msg>
<status status="PASS" starttime="20221013 12:11:38.864" endtime="20221013 12:11:43.183"/>
</kw>
<status status="PASS" starttime="20221013 12:11:38.864" endtime="20221013 12:11:43.183"/>
</kw>
<status status="PASS" starttime="20221013 12:11:38.863" endtime="20221013 12:11:43.184"/>
</test>
<test id="s1-t3" name="click our team menu" line="14">
<kw name="click our team menu" library="netspective">
<kw name="Click Element" library="SeleniumLibrary">
<arg>${our_team}</arg>
<doc>Click the element identified by ``locator``.</doc>
<msg timestamp="20221013 12:11:43.186" level="INFO">Clicking element 'xpath://*[@id='bs-example-navbar-collapse-1']/ul/li[1]/ul/li[1]/a'.</msg>
<status status="PASS" starttime="20221013 12:11:43.186" endtime="20221013 12:11:47.948"/>
</kw>
<status status="PASS" starttime="20221013 12:11:43.185" endtime="20221013 12:11:47.948"/>
</kw>
<status status="PASS" starttime="20221013 12:11:43.185" endtime="20221013 12:11:47.950"/>
</test>
<test id="s1-t4" name="scroll dowm" line="16">
<kw name="scroll dowm" library="netspective">
<kw name="Execute Javascript" library="SeleniumLibrary">
<arg>window.scrollTo(0,</arg>
<arg>document.body.scrollHeight)</arg>
<doc>Executes the given JavaScript code with possible arguments.</doc>
<msg timestamp="20221013 12:11:47.954" level="INFO">Executing JavaScript:
window.scrollTo(0,document.body.scrollHeight)
Without any arguments.</msg>
<status status="PASS" starttime="20221013 12:11:47.953" endtime="20221013 12:11:49.980"/>
</kw>
<status status="PASS" starttime="20221013 12:11:47.952" endtime="20221013 12:11:49.980"/>
</kw>
<status status="PASS" starttime="20221013 12:11:47.951" endtime="20221013 12:11:49.981"/>
</test>
<test id="s1-t5" name="click about us menu in bottom of the page" line="18">
<kw name="click about us menu in bottom of the page" library="netspective">
<kw name="Click Element" library="SeleniumLibrary">
<arg>${netspective_about}</arg>
<doc>Click the element identified by ``locator``.</doc>
<msg timestamp="20221013 12:11:49.984" level="INFO">Clicking element 'xpath:/html/body/footer/div/div/div/div/ul/li[1]/a'.</msg>
<status status="PASS" starttime="20221013 12:11:49.983" endtime="20221013 12:11:54.383"/>
</kw>
<status status="PASS" starttime="20221013 12:11:49.983" endtime="20221013 12:11:54.384"/>
</kw>
<status status="PASS" starttime="20221013 12:11:49.982" endtime="20221013 12:11:54.384"/>
</test>
<test id="s1-t6" name="mouse over on about us menu" line="20">
<kw name="mouse over on about us menu" library="netspective">
<kw name="Mouse Over" library="SeleniumLibrary">
<arg>${about_mouseover}</arg>
<doc>Simulates hovering the mouse over the element ``locator``.</doc>
<msg timestamp="20221013 12:11:54.389" level="INFO">Simulating Mouse Over on element 'xpath://*[@id='bs-example-navbar-collapse-1']/ul/li[1]'.</msg>
<status status="PASS" starttime="20221013 12:11:54.388" endtime="20221013 12:11:58.717"/>
</kw>
<status status="PASS" starttime="20221013 12:11:54.388" endtime="20221013 12:11:58.718"/>
</kw>
<status status="PASS" starttime="20221013 12:11:54.386" endtime="20221013 12:11:58.721"/>
</test>
<test id="s1-t7" name="click client menu under the about menu" line="22">
<kw name="click client menu under the about menu" library="netspective">
<kw name="Click Element" library="SeleniumLibrary">
<arg>${netspective_client}</arg>
<doc>Click the element identified by ``locator``.</doc>
<msg timestamp="20221013 12:11:58.730" level="INFO">Clicking element 'xpath://*[@id='bs-example-navbar-collapse-1']/ul/li[1]/ul/li[2]/a'.</msg>
<status status="PASS" starttime="20221013 12:11:58.729" endtime="20221013 12:12:03.944"/>
</kw>
<status status="PASS" starttime="20221013 12:11:58.728" endtime="20221013 12:12:03.945"/>
</kw>
<status status="PASS" starttime="20221013 12:11:58.726" endtime="20221013 12:12:03.947"/>
</test>
<test id="s1-t8" name="Go back to netspective home page" line="24">
<kw name="Go back to netspective home page" library="netspective">
<kw name="Click Element" library="SeleniumLibrary">
<arg>${netspective_logo}</arg>
<doc>Click the element identified by ``locator``.</doc>
<msg timestamp="20221013 12:12:03.958" level="INFO">Clicking element 'xpath:/html/body/header/div/div/div/nav/div/div[1]/a/img'.</msg>
<status status="PASS" starttime="20221013 12:12:03.957" endtime="20221013 12:12:08.420"/>
</kw>
<status status="PASS" starttime="20221013 12:12:03.956" endtime="20221013 12:12:08.422"/>
</kw>
<status status="PASS" starttime="20221013 12:12:03.953" endtime="20221013 12:12:08.424"/>
</test>
<status status="PASS" starttime="20221013 12:11:33.461" endtime="20221013 12:12:08.431"/>
</suite>
<statistics>
<total>
<stat pass="8" fail="0" skip="0">All Tests</stat>
</total>
<tag>
<stat pass="1" fail="0" skip="0">netspective site</stat>
</tag>
<suite>
<stat pass="8" fail="0" skip="0" id="s1" name="netspectiveT">netspectiveT</stat>
</suite>
</statistics>
<errors>
<msg timestamp="20221013 12:11:54.386" level="WARN">Multiple tests with name 'mouse over on about us menu' executed in suite 'netspectiveT'.</msg>
</errors>
</robot>
