<?xml version="1.0" encoding="UTF-8"?>
<robot generator="Robot 5.0.1 (Python 3.10.6 on win32)" generated="20221013 09:17:26.188" rpa="false" schemaversion="3">
<suite id="s1" name="Test All Sites" source="D:\DailyMonitoringSites\Test_suite\test_all_sites.robot">
<test id="s1-t1" name="open influentialnetworks site" line="14">
<kw name="open influentialnetworks site" library="influentialnetworks">
<arg>${siteurl1}</arg>
<arg>${browser}</arg>
<kw name="Open Browser" library="SeleniumLibrary">
<arg>${siteurl}</arg>
<arg>${browser}</arg>
<doc>Opens a new browser instance to the optional ``url``.</doc>
<msg timestamp="20221013 09:17:26.516" level="INFO">Opening browser 'chrome' to base url 'https://influentialnetworks.com/'.</msg>
<status status="PASS" starttime="20221013 09:17:26.516" endtime="20221013 09:17:35.726"/>
</kw>
<kw name="Maximize Browser Window" library="SeleniumLibrary">
<doc>Maximizes current browser window.</doc>
<status status="PASS" starttime="20221013 09:17:35.726" endtime="20221013 09:17:35.847"/>
</kw>
<status status="PASS" starttime="20221013 09:17:26.515" endtime="20221013 09:17:35.847"/>
</kw>
<kw name="Set Selenium Speed" library="SeleniumLibrary">
<arg>2 seconds</arg>
<doc>Sets the delay that is waited after each Selenium command.</doc>
<status status="PASS" starttime="20221013 09:17:35.848" endtime="20221013 09:17:35.848"/>
</kw>
<tag>influentialnetworks site</tag>
<status status="PASS" starttime="20221013 09:17:26.514" endtime="20221013 09:17:35.849"/>
</test>
<test id="s1-t2" name="Click influencers_mouseover" line="18">
<kw name="Click influencers_mouseover" library="influentialnetworks">
<kw name="Mouse Over" library="SeleniumLibrary">
<arg>${listofinfluencers}</arg>
<doc>Simulates hovering the mouse over the element ``locator``.</doc>
<msg timestamp="20221013 09:17:35.851" level="INFO">Simulating Mouse Over on element 'xpath://*[@id='menu-item-97']/a'.</msg>
<status status="PASS" starttime="20221013 09:17:35.851" endtime="20221013 09:17:40.167"/>
</kw>
<status status="PASS" starttime="20221013 09:17:35.850" endtime="20221013 09:17:40.167"/>
</kw>
<tag>Click influencers_mouseover</tag>
<status status="PASS" starttime="20221013 09:17:35.849" endtime="20221013 09:17:40.168"/>
</test>
<test id="s1-t3" name="Click influencer_submenu" line="21">
<kw name="Click influencer_submenu" library="influentialnetworks">
<kw name="Click Element" library="SeleniumLibrary">
<arg>${listofinfluencerssubmenu}</arg>
<doc>Click the element identified by ``locator``.</doc>
<msg timestamp="20221013 09:17:40.171" level="INFO">Clicking element 'xpath://li[@id='menu-item-74']//a[normalize-space()='List of Influencers']'.</msg>
<status status="PASS" starttime="20221013 09:17:40.171" endtime="20221013 09:17:46.477"/>
</kw>
<status status="PASS" starttime="20221013 09:17:40.170" endtime="20221013 09:17:46.477"/>
</kw>
<tag>Click influencer_submenu</tag>
<status status="PASS" starttime="20221013 09:17:40.169" endtime="20221013 09:17:46.478"/>
</test>
<test id="s1-t4" name="Click influencers_menu" line="24">
<kw name="Click influencers_menu" library="influentialnetworks">
<kw name="Click Element" library="SeleniumLibrary">
<arg>${listofinfluencers}</arg>
<doc>Click the element identified by ``locator``.</doc>
<msg timestamp="20221013 09:17:46.480" level="INFO">Clicking element 'xpath://*[@id='menu-item-97']/a'.</msg>
<status status="PASS" starttime="20221013 09:17:46.480" endtime="20221013 09:17:52.374"/>
</kw>
<status status="PASS" starttime="20221013 09:17:46.479" endtime="20221013 09:17:52.374"/>
</kw>
<tag>Click influencers_menu</tag>
<status status="PASS" starttime="20221013 09:17:46.479" endtime="20221013 09:17:52.375"/>
</test>
<test id="s1-t5" name="Click logo" line="27">
<kw name="Click logo">
<msg timestamp="20221013 09:17:52.376" level="FAIL">Multiple keywords with name 'Click logo' found. Give the full name of the keyword you want to use:
    healthcareguys.Click logo
    influentialnetworks.Click logo</msg>
<status status="FAIL" starttime="20221013 09:17:52.376" endtime="20221013 09:17:52.376"/>
</kw>
<tag>Click logo</tag>
<status status="FAIL" starttime="20221013 09:17:52.376" endtime="20221013 09:17:52.377">Multiple keywords with name 'Click logo' found. Give the full name of the keyword you want to use:
    healthcareguys.Click logo
    influentialnetworks.Click logo</status>
</test>
<test id="s1-t6" name="open healthitmarketingconference site" line="31">
<kw name="open healthitmarketingconference site" library="healthitmarketingconference">
<arg>${siteurl2}</arg>
<arg>${browser}</arg>
<kw name="Open Browser" library="SeleniumLibrary">
<arg>${siteurl}</arg>
<arg>${browser}</arg>
<doc>Opens a new browser instance to the optional ``url``.</doc>
<msg timestamp="20221013 09:17:52.381" level="INFO">Opening browser 'chrome' to base url 'https://healthitmarketingconference.com/'.</msg>
<status status="PASS" starttime="20221013 09:17:52.380" endtime="20221013 09:18:04.569"/>
</kw>
<kw name="Maximize Browser Window" library="SeleniumLibrary">
<doc>Maximizes current browser window.</doc>
<status status="PASS" starttime="20221013 09:18:04.569" endtime="20221013 09:18:06.911"/>
</kw>
<kw name="Execute Javascript" library="SeleniumLibrary">
<arg>window.scrollTo(0,</arg>
<arg>document.body.scrollHeight)</arg>
<doc>Executes the given JavaScript code with possible arguments.</doc>
<msg timestamp="20221013 09:18:06.912" level="INFO">Executing JavaScript:
window.scrollTo(0,document.body.scrollHeight)
Without any arguments.</msg>
<status status="PASS" starttime="20221013 09:18:06.911" endtime="20221013 09:18:08.923"/>
</kw>
<kw name="Close Browser" library="SeleniumLibrary">
<doc>Closes the current browser.</doc>
<status status="PASS" starttime="20221013 09:18:08.923" endtime="20221013 09:18:13.048"/>
</kw>
<status status="PASS" starttime="20221013 09:17:52.380" endtime="20221013 09:18:13.049"/>
</kw>
<tag>healthitmarketingconference site</tag>
<status status="PASS" starttime="20221013 09:17:52.379" endtime="20221013 09:18:13.051"/>
</test>
<test id="s1-t7" name="open netspective_media site" line="34">
<kw name="open netspective_media site" library="netspective_media">
<arg>${siteurl3}</arg>
<arg>${browser}</arg>
<kw name="Open Browser" library="SeleniumLibrary">
<arg>${siteurl}</arg>
<arg>${browser}</arg>
<doc>Opens a new browser instance to the optional ``url``.</doc>
<msg timestamp="20221013 09:18:13.060" level="INFO">Opening browser 'chrome' to base url 'https://www.netspective.media/'.</msg>
<status status="PASS" starttime="20221013 09:18:13.059" endtime="20221013 09:18:21.367"/>
</kw>
<kw name="Maximize Browser Window" library="SeleniumLibrary">
<doc>Maximizes current browser window.</doc>
<status status="PASS" starttime="20221013 09:18:21.367" endtime="20221013 09:18:23.500"/>
</kw>
<kw name="Close Browser" library="SeleniumLibrary">
<doc>Closes the current browser.</doc>
<status status="PASS" starttime="20221013 09:18:23.500" endtime="20221013 09:18:27.587"/>
</kw>
<status status="PASS" starttime="20221013 09:18:13.058" endtime="20221013 09:18:27.587"/>
</kw>
<tag>netspective_media site</tag>
<status status="PASS" starttime="20221013 09:18:13.056" endtime="20221013 09:18:27.589"/>
</test>
<test id="s1-t8" name="open netspective site" line="37">
<kw name="open netspective site" library="netspective">
<arg>${siteurl4}</arg>
<arg>${browser}</arg>
<kw name="Open Browser" library="SeleniumLibrary">
<arg>${siteurl}</arg>
<arg>${browser}</arg>
<doc>Opens a new browser instance to the optional ``url``.</doc>
<msg timestamp="20221013 09:18:27.599" level="INFO">Opening browser 'chrome' to base url 'https://www.netspective.com/'.</msg>
<status status="PASS" starttime="20221013 09:18:27.598" endtime="20221013 09:18:36.767"/>
</kw>
<kw name="Maximize Browser Window" library="SeleniumLibrary">
<doc>Maximizes current browser window.</doc>
<status status="PASS" starttime="20221013 09:18:36.767" endtime="20221013 09:18:38.906"/>
</kw>
<kw name="Close Browser" library="SeleniumLibrary">
<doc>Closes the current browser.</doc>
<status status="PASS" starttime="20221013 09:18:38.906" endtime="20221013 09:18:43.023"/>
</kw>
<status status="PASS" starttime="20221013 09:18:27.597" endtime="20221013 09:18:43.024"/>
</kw>
<tag>netspective site</tag>
<status status="PASS" starttime="20221013 09:18:27.594" endtime="20221013 09:18:43.026"/>
</test>
<test id="s1-t9" name="open shahidsha site" line="40">
<kw name="open shahidsha site" library="shahidshah">
<arg>${siteurl5}</arg>
<arg>${browser}</arg>
<kw name="Open Browser" library="SeleniumLibrary">
<arg>${siteurl}</arg>
<arg>${browser}</arg>
<doc>Opens a new browser instance to the optional ``url``.</doc>
<msg timestamp="20221013 09:18:43.037" level="INFO">Opening browser 'chrome' to base url 'http://shahidshah.com/'.</msg>
<status status="PASS" starttime="20221013 09:18:43.035" endtime="20221013 09:18:59.311"/>
</kw>
<kw name="Maximize Browser Window" library="SeleniumLibrary">
<doc>Maximizes current browser window.</doc>
<status status="PASS" starttime="20221013 09:18:59.311" endtime="20221013 09:19:01.467"/>
</kw>
<kw name="Close Browser" library="SeleniumLibrary">
<doc>Closes the current browser.</doc>
<status status="PASS" starttime="20221013 09:19:01.467" endtime="20221013 09:19:05.671"/>
</kw>
<status status="PASS" starttime="20221013 09:18:43.033" endtime="20221013 09:19:05.671"/>
</kw>
<tag>shahidsha site</tag>
<status status="PASS" starttime="20221013 09:18:43.031" endtime="20221013 09:19:05.673"/>
</test>
<test id="s1-t10" name="open opsfolio site" line="43">
<kw name="open opsfolio site" library="opsfolio">
<arg>${siteurl6}</arg>
<arg>${browser}</arg>
<kw name="Open Browser" library="SeleniumLibrary">
<arg>${siteurl}</arg>
<arg>${browser}</arg>
<doc>Opens a new browser instance to the optional ``url``.</doc>
<msg timestamp="20221013 09:19:05.683" level="INFO">Opening browser 'chrome' to base url 'https://www.opsfolio.com/'.</msg>
<status status="PASS" starttime="20221013 09:19:05.682" endtime="20221013 09:19:24.065"/>
</kw>
<kw name="Maximize Browser Window" library="SeleniumLibrary">
<doc>Maximizes current browser window.</doc>
<status status="PASS" starttime="20221013 09:19:24.065" endtime="20221013 09:19:26.217"/>
</kw>
<kw name="Close Browser" library="SeleniumLibrary">
<doc>Closes the current browser.</doc>
<status status="PASS" starttime="20221013 09:19:26.217" endtime="20221013 09:19:30.351"/>
</kw>
<status status="PASS" starttime="20221013 09:19:05.680" endtime="20221013 09:19:30.351"/>
</kw>
<tag>opsfolio site</tag>
<status status="PASS" starttime="20221013 09:19:05.678" endtime="20221013 09:19:30.353"/>
</test>
<test id="s1-t11" name="open healthcareguys site" line="46">
<kw name="open healthcareguys site" library="healthcareguys">
<arg>${siteurl7}</arg>
<arg>${browser}</arg>
<kw name="Open Browser" library="SeleniumLibrary">
<arg>${siteurl}</arg>
<arg>${browser}</arg>
<doc>Opens a new browser instance to the optional ``url``.</doc>
<msg timestamp="20221013 09:19:30.362" level="INFO">Opening browser 'chrome' to base url 'https://www.healthcareguys.com/'.</msg>
<status status="PASS" starttime="20221013 09:19:30.362" endtime="20221013 09:19:47.199"/>
</kw>
<kw name="Maximize Browser Window" library="SeleniumLibrary">
<doc>Maximizes current browser window.</doc>
<status status="PASS" starttime="20221013 09:19:47.199" endtime="20221013 09:19:49.401"/>
</kw>
<status status="PASS" starttime="20221013 09:19:30.360" endtime="20221013 09:19:49.401"/>
</kw>
<tag>healthcareguys site</tag>
<status status="PASS" starttime="20221013 09:19:30.358" endtime="20221013 09:19:49.407"/>
</test>
<test id="s1-t12" name="open alhouti site" line="49">
<kw name="open alhouti site" library="alhouti">
<arg>${siteurl10}</arg>
<arg>${browser}</arg>
<kw name="Open Browser" library="SeleniumLibrary">
<arg>${siteurl}</arg>
<arg>${browser}</arg>
<doc>Opens a new browser instance to the optional ``url``.</doc>
<msg timestamp="20221013 09:19:49.412" level="INFO">Opening browser 'chrome' to base url 'https://www.alhouti.com/'.</msg>
<status status="PASS" starttime="20221013 09:19:49.411" endtime="20221013 09:20:06.393"/>
</kw>
<kw name="Maximize Browser Window" library="SeleniumLibrary">
<doc>Maximizes current browser window.</doc>
<status status="PASS" starttime="20221013 09:20:06.393" endtime="20221013 09:20:08.523"/>
</kw>
<kw name="Close Browser" library="SeleniumLibrary">
<doc>Closes the current browser.</doc>
<status status="PASS" starttime="20221013 09:20:08.523" endtime="20221013 09:20:12.670"/>
</kw>
<status status="PASS" starttime="20221013 09:19:49.410" endtime="20221013 09:20:12.670"/>
</kw>
<tag>alhouti site</tag>
<status status="PASS" starttime="20221013 09:19:49.409" endtime="20221013 09:20:12.672"/>
</test>
<test id="s1-t13" name="open alim site" line="53">
<kw name="open alim site" library="alim">
<arg>${siteurl11}</arg>
<arg>${browser}</arg>
<kw name="Open Browser" library="SeleniumLibrary">
<arg>${siteurl}</arg>
<arg>${browser}</arg>
<doc>Opens a new browser instance to the optional ``url``.</doc>
<msg timestamp="20221013 09:20:12.683" level="INFO">Opening browser 'chrome' to base url 'https://www.alim.org/'.</msg>
<status status="PASS" starttime="20221013 09:20:12.682" endtime="20221013 09:20:20.131"/>
</kw>
<kw name="Maximize Browser Window" library="SeleniumLibrary">
<doc>Maximizes current browser window.</doc>
<status status="PASS" starttime="20221013 09:20:20.131" endtime="20221013 09:20:22.260"/>
</kw>
<status status="PASS" starttime="20221013 09:20:12.679" endtime="20221013 09:20:22.260"/>
</kw>
<tag>alim site</tag>
<status status="PASS" starttime="20221013 09:20:12.677" endtime="20221013 09:20:22.261"/>
</test>
<test id="s1-t14" name="Click Quran menu" line="56">
<kw name="Click Quran menu" library="alim">
<kw name="Click Element" library="SeleniumLibrary">
<arg>${Quran}</arg>
<doc>Click the element identified by ``locator``.</doc>
<msg timestamp="20221013 09:20:22.264" level="INFO">Clicking element 'xpath://*[@id='navbarCollapse']/div/div/ul/li[1]/a/span'.</msg>
<status status="PASS" starttime="20221013 09:20:22.264" endtime="20221013 09:20:26.352"/>
</kw>
<status status="PASS" starttime="20221013 09:20:22.263" endtime="20221013 09:20:26.352"/>
</kw>
<tag>Click Quran Menu</tag>
<status status="PASS" starttime="20221013 09:20:22.262" endtime="20221013 09:20:26.358"/>
</test>
<test id="s1-t15" name="Click Al quran menu" line="59">
<kw name="Click Al quran menu" library="alim">
<kw name="Click Link" library="SeleniumLibrary">
<arg>${Alquran}</arg>
<doc>Clicks a link identified by ``locator``.</doc>
<msg timestamp="20221013 09:20:26.363" level="INFO">Clicking link 'xpath://*[@id='navbarCollapse']/div/div/ul/li[1]/ul/li[1]/a'.</msg>
<status status="PASS" starttime="20221013 09:20:26.362" endtime="20221013 09:20:32.891"/>
</kw>
<status status="PASS" starttime="20221013 09:20:26.362" endtime="20221013 09:20:32.891"/>
</kw>
<tag>Click Al quran menu</tag>
<status status="PASS" starttime="20221013 09:20:26.361" endtime="20221013 09:20:32.892"/>
</test>
<test id="s1-t16" name="Click readandlearnquran" line="62">
<kw name="Click readandlearnquran" library="alim">
<kw name="Click Element" library="SeleniumLibrary">
<arg>${readandlearnquran}</arg>
<doc>Click the element identified by ``locator``.</doc>
<msg timestamp="20221013 09:20:32.898" level="INFO">Clicking element 'xpath:/html/body/section[1]/div/div[3]/div[1]/div/a'.</msg>
<status status="PASS" starttime="20221013 09:20:32.897" endtime="20221013 09:20:37.434"/>
</kw>
<status status="PASS" starttime="20221013 09:20:32.897" endtime="20221013 09:20:37.435"/>
</kw>
<tag>Click readandlearnquran</tag>
<status status="PASS" starttime="20221013 09:20:32.895" endtime="20221013 09:20:37.437"/>
</test>
<test id="s1-t17" name="select yasinsurah" line="65">
<kw name="select yasinsurah" library="alim">
<kw name="Select From List By Value" library="SeleniumLibrary">
<arg>${selectsurah}</arg>
<arg>36</arg>
<doc>Selects options from selection list ``locator`` by ``values``.</doc>
<msg timestamp="20221013 09:20:37.448" level="INFO">Selecting options from selection list 'id:goto_surah' by value 36.</msg>
<status status="PASS" starttime="20221013 09:20:37.446" endtime="20221013 09:20:53.211"/>
</kw>
<status status="PASS" starttime="20221013 09:20:37.445" endtime="20221013 09:20:53.212"/>
</kw>
<tag>select yasinsurah</tag>
<status status="PASS" starttime="20221013 09:20:37.442" endtime="20221013 09:20:53.214"/>
</test>
<test id="s1-t18" name="click backtohomepage" line="68">
<kw name="click backtohomepage" library="alim">
<kw name="Click Element" library="SeleniumLibrary">
<arg>${backtohome}</arg>
<doc>Click the element identified by ``locator``.</doc>
<msg timestamp="20221013 09:20:53.223" level="INFO">Clicking element '//*[@id='quran-content']/div/div[1]/div/div/a[1]'.</msg>
<status status="PASS" starttime="20221013 09:20:53.222" endtime="20221013 09:20:57.629"/>
</kw>
<kw name="Close Browser" library="SeleniumLibrary">
<doc>Closes the current browser.</doc>
<status status="PASS" starttime="20221013 09:20:57.630" endtime="20221013 09:21:01.746"/>
</kw>
<status status="PASS" starttime="20221013 09:20:53.221" endtime="20221013 09:21:01.747"/>
</kw>
<tag>click backtohomepage</tag>
<status status="PASS" starttime="20221013 09:20:53.219" endtime="20221013 09:21:01.749"/>
</test>
<test id="s1-t19" name="open globchemindia site" line="73">
<kw name="open globchemindia site" library="globchemindia">
<arg>${siteurl12}</arg>
<arg>${browser}</arg>
<kw name="Open Browser" library="SeleniumLibrary">
<arg>${siteurl}</arg>
<arg>${browser}</arg>
<doc>Opens a new browser instance to the optional ``url``.</doc>
<msg timestamp="20221013 09:21:01.757" level="INFO">Opening browser 'chrome' to base url 'http://www.globchemindia.com/'.</msg>
<status status="PASS" starttime="20221013 09:21:01.757" endtime="20221013 09:21:12.428"/>
</kw>
<kw name="Maximize Browser Window" library="SeleniumLibrary">
<doc>Maximizes current browser window.</doc>
<status status="PASS" starttime="20221013 09:21:12.428" endtime="20221013 09:21:14.560"/>
</kw>
<status status="PASS" starttime="20221013 09:21:01.756" endtime="20221013 09:21:14.560"/>
</kw>
<tag>globchemindia site</tag>
<status status="PASS" starttime="20221013 09:21:01.754" endtime="20221013 09:21:14.561"/>
</test>
<test id="s1-t20" name="Click about menu" line="76">
<kw name="Click about menu" library="globchemindia">
<kw name="Click Element" library="SeleniumLibrary">
<arg>${about}</arg>
<doc>Click the element identified by ``locator``.</doc>
<msg timestamp="20221013 09:21:14.564" level="INFO">Clicking element 'xpath://*[@id='top-menu']/li[2]/a'.</msg>
<status status="PASS" starttime="20221013 09:21:14.564" endtime="20221013 09:21:20.390"/>
</kw>
<status status="PASS" starttime="20221013 09:21:14.563" endtime="20221013 09:21:20.391"/>
</kw>
<tag>about menu</tag>
<status status="PASS" starttime="20221013 09:21:14.562" endtime="20221013 09:21:20.393"/>
</test>
<test id="s1-t21" name="Click resources menu" line="79">
<kw name="Click resources menu" library="globchemindia">
<kw name="Click Element" library="SeleniumLibrary">
<arg>${resources}</arg>
<doc>Click the element identified by ``locator``.</doc>
<msg timestamp="20221013 09:21:20.402" level="INFO">Clicking element 'xpath://*[@id='top-menu']/li[3]/a'.</msg>
<status status="PASS" starttime="20221013 09:21:20.401" endtime="20221013 09:21:25.817"/>
</kw>
<status status="PASS" starttime="20221013 09:21:20.400" endtime="20221013 09:21:25.817"/>
</kw>
<tag>resources menu</tag>
<status status="PASS" starttime="20221013 09:21:20.398" endtime="20221013 09:21:25.819"/>
</test>
<test id="s1-t22" name="Click projects menu" line="82">
<kw name="Click projects menu" library="globchemindia">
<kw name="Click Element" library="SeleniumLibrary">
<arg>${projects}</arg>
<doc>Click the element identified by ``locator``.</doc>
<msg timestamp="20221013 09:21:25.822" level="INFO">Clicking element 'xpath://*[@id='top-menu']/li[4]/a'.</msg>
<status status="PASS" starttime="20221013 09:21:25.822" endtime="20221013 09:21:32.084"/>
</kw>
<status status="PASS" starttime="20221013 09:21:25.821" endtime="20221013 09:21:32.085"/>
</kw>
<tag>projects menu</tag>
<status status="PASS" starttime="20221013 09:21:25.821" endtime="20221013 09:21:32.087"/>
</test>
<test id="s1-t23" name="Click activities menu" line="85">
<kw name="Click activities menu" library="globchemindia">
<kw name="Click Element" library="SeleniumLibrary">
<arg>${activities}</arg>
<doc>Click the element identified by ``locator``.</doc>
<msg timestamp="20221013 09:21:32.098" level="INFO">Clicking element 'xpath://*[@id='top-menu']/li[5]/a'.</msg>
<status status="PASS" starttime="20221013 09:21:32.097" endtime="20221013 09:21:37.537"/>
</kw>
<status status="PASS" starttime="20221013 09:21:32.095" endtime="20221013 09:21:37.537"/>
</kw>
<tag>activities menu</tag>
<status status="PASS" starttime="20221013 09:21:32.093" endtime="20221013 09:21:37.538"/>
</test>
<test id="s1-t24" name="Click client menu" line="88">
<kw name="Click client menu" library="globchemindia">
<kw name="Click Element" library="SeleniumLibrary">
<arg>${client}</arg>
<doc>Click the element identified by ``locator``.</doc>
<msg timestamp="20221013 09:21:37.545" level="INFO">Clicking element 'xpath://*[@id='top-menu']/li[6]/a'.</msg>
<status status="PASS" starttime="20221013 09:21:37.544" endtime="20221013 09:21:43.024"/>
</kw>
<status status="PASS" starttime="20221013 09:21:37.543" endtime="20221013 09:21:43.024"/>
</kw>
<tag>client menu</tag>
<status status="PASS" starttime="20221013 09:21:37.541" endtime="20221013 09:21:43.025"/>
</test>
<test id="s1-t25" name="Click contact menu" line="91">
<kw name="Click contact menu" library="globchemindia">
<kw name="Click Element" library="SeleniumLibrary">
<arg>${contact}</arg>
<doc>Click the element identified by ``locator``.</doc>
<msg timestamp="20221013 09:21:43.030" level="INFO">Clicking element 'xpath://*[@id='top-menu']/li[7]/a'.</msg>
<status status="PASS" starttime="20221013 09:21:43.029" endtime="20221013 09:21:48.927"/>
</kw>
<status status="PASS" starttime="20221013 09:21:43.029" endtime="20221013 09:21:48.927"/>
</kw>
<tag>contact menu</tag>
<status status="PASS" starttime="20221013 09:21:43.028" endtime="20221013 09:21:48.928"/>
</test>
<test id="s1-t26" name="gohomepage" line="94">
<kw name="gohomepage" library="globchemindia">
<kw name="Click Element" library="SeleniumLibrary">
<arg>${logglobchemindia}</arg>
<doc>Click the element identified by ``locator``.</doc>
<msg timestamp="20221013 09:21:48.931" level="INFO">Clicking element 'id=logo'.</msg>
<status status="PASS" starttime="20221013 09:21:48.931" endtime="20221013 09:21:54.217"/>
</kw>
<kw name="Close Browser" library="SeleniumLibrary">
<doc>Closes the current browser.</doc>
<status status="PASS" starttime="20221013 09:21:54.217" endtime="20221013 09:21:58.475"/>
</kw>
<status status="PASS" starttime="20221013 09:21:48.930" endtime="20221013 09:21:58.475"/>
</kw>
<tag>gohomepage</tag>
<status status="PASS" starttime="20221013 09:21:48.929" endtime="20221013 09:21:58.477"/>
</test>
<test id="s1-t27" name="open rgbbroadcasting site" line="98">
<kw name="open rgbbroadcasting site" library="rgbbroadcasting">
<arg>${siteurl8}</arg>
<arg>${browser}</arg>
<kw name="Open Browser" library="SeleniumLibrary">
<arg>${siteurl}</arg>
<arg>${browser}</arg>
<doc>Opens a new browser instance to the optional ``url``.</doc>
<msg timestamp="20221013 09:21:58.488" level="INFO">Opening browser 'chrome' to base url 'https://www.rgbbroadcasting.com/'.</msg>
<status status="PASS" starttime="20221013 09:21:58.487" endtime="20221013 09:22:15.313"/>
</kw>
<kw name="Maximize Browser Window" library="SeleniumLibrary">
<doc>Maximizes current browser window.</doc>
<status status="PASS" starttime="20221013 09:22:15.313" endtime="20221013 09:22:17.526"/>
</kw>
<kw name="Close Browser" library="SeleniumLibrary">
<doc>Closes the current browser.</doc>
<status status="PASS" starttime="20221013 09:22:17.526" endtime="20221013 09:22:21.698"/>
</kw>
<status status="PASS" starttime="20221013 09:21:58.485" endtime="20221013 09:22:21.699"/>
</kw>
<tag>rgbbroadcasting site</tag>
<status status="PASS" starttime="20221013 09:21:58.482" endtime="20221013 09:22:21.701"/>
</test>
<test id="s1-t28" name="open seaoatsgroup site" line="101">
<kw name="open seaoatsgroup site" library="seaoatsgroup">
<arg>${siteurl9}</arg>
<arg>${browser}</arg>
<kw name="Open Browser" library="SeleniumLibrary">
<arg>${siteurl}</arg>
<arg>${browser}</arg>
<doc>Opens a new browser instance to the optional ``url``.</doc>
<msg timestamp="20221013 09:22:21.710" level="INFO">Opening browser 'chrome' to base url 'https://www.seaoatsgroup.com/'.</msg>
<status status="PASS" starttime="20221013 09:22:21.709" endtime="20221013 09:22:30.254"/>
</kw>
<kw name="Maximize Browser Window" library="SeleniumLibrary">
<doc>Maximizes current browser window.</doc>
<status status="PASS" starttime="20221013 09:22:30.254" endtime="20221013 09:22:32.384"/>
</kw>
<kw name="Close Browser" library="SeleniumLibrary">
<doc>Closes the current browser.</doc>
<status status="PASS" starttime="20221013 09:22:32.384" endtime="20221013 09:22:36.497"/>
</kw>
<status status="PASS" starttime="20221013 09:22:21.708" endtime="20221013 09:22:36.497"/>
</kw>
<tag>seaoatsgroup site</tag>
<status status="PASS" starttime="20221013 09:22:21.706" endtime="20221013 09:22:36.498"/>
</test>
<status status="FAIL" starttime="20221013 09:17:26.189" endtime="20221013 09:22:36.503"/>
</suite>
<statistics>
<total>
<stat pass="27" fail="1" skip="0">All Tests</stat>
</total>
<tag>
<stat pass="1" fail="0" skip="0">about menu</stat>
<stat pass="1" fail="0" skip="0">activities menu</stat>
<stat pass="1" fail="0" skip="0">alhouti site</stat>
<stat pass="1" fail="0" skip="0">alim site</stat>
<stat pass="1" fail="0" skip="0">Click Al quran menu</stat>
<stat pass="1" fail="0" skip="0">click backtohomepage</stat>
<stat pass="1" fail="0" skip="0">Click influencers_menu</stat>
<stat pass="1" fail="0" skip="0">Click influencers_mouseover</stat>
<stat pass="1" fail="0" skip="0">Click influencer_submenu</stat>
<stat pass="0" fail="1" skip="0">Click logo</stat>
<stat pass="1" fail="0" skip="0">Click Quran Menu</stat>
<stat pass="1" fail="0" skip="0">Click readandlearnquran</stat>
<stat pass="1" fail="0" skip="0">client menu</stat>
<stat pass="1" fail="0" skip="0">contact menu</stat>
<stat pass="1" fail="0" skip="0">globchemindia site</stat>
<stat pass="1" fail="0" skip="0">gohomepage</stat>
<stat pass="1" fail="0" skip="0">healthcareguys site</stat>
<stat pass="1" fail="0" skip="0">healthitmarketingconference site</stat>
<stat pass="1" fail="0" skip="0">influentialnetworks site</stat>
<stat pass="1" fail="0" skip="0">netspective_media site</stat>
<stat pass="1" fail="0" skip="0">netspective site</stat>
<stat pass="1" fail="0" skip="0">opsfolio site</stat>
<stat pass="1" fail="0" skip="0">projects menu</stat>
<stat pass="1" fail="0" skip="0">resources menu</stat>
<stat pass="1" fail="0" skip="0">rgbbroadcasting site</stat>
<stat pass="1" fail="0" skip="0">seaoatsgroup site</stat>
<stat pass="1" fail="0" skip="0">select yasinsurah</stat>
<stat pass="1" fail="0" skip="0">shahidsha site</stat>
</tag>
<suite>
<stat pass="27" fail="1" skip="0" id="s1" name="Test All Sites">Test All Sites</stat>
</suite>
</statistics>
<errors>
</errors>
</robot>
